<?xml version="1.0" encoding="UTF-8"?>
<!-- Generated by org.testng.reporters.JUnitXMLReporter -->
<testsuite hostname="Focus-QA-4" name="Default test" tests="71" failures="0" timestamp="4 Jan 2021 14:28:27 GMT" time="0.205" errors="0">
  <testcase name="@BeforeSuite openBrowser" time="0.0" classname="com.focus.testcases.InventoryReportsTest">
    <failure type="org.openqa.selenium.SessionNotCreatedException" message="session not created
from chrome not reachable
  (Session info: chrome=87.0.4280.88)
Build info: version: &amp;apos;3.12.0&amp;apos;, revision: &amp;apos;7c6e0b3&amp;apos;, time: &amp;apos;2018-05-08T14:04:26.12Z&amp;apos;
System info: host: &amp;apos;FOCUS-QA-4&amp;apos;, ip: &amp;apos;192.168.4.54&amp;apos;, os.name: &amp;apos;Windows 10&amp;apos;, os.arch: &amp;apos;amd64&amp;apos;, os.version: &amp;apos;10.0&amp;apos;, java.version: &amp;apos;1.8.0_111&amp;apos;
Driver info: driver.version: ChromeDriver
remote stacktrace: Backtrace:
	Ordinal0 [0x00E0ECE3+3337443]
	Ordinal0 [0x00CEF041+2158657]
	Ordinal0 [0x00B76E50+618064]
	Ordinal0 [0x00B6D114+577812]
	Ordinal0 [0x00B6D7DB+579547]
	Ordinal0 [0x00B6EA45+584261]
	Ordinal0 [0x00B69A71+563825]
	Ordinal0 [0x00B77FD0+622544]
	Ordinal0 [0x00B16B2D+224045]
	Ordinal0 [0x00B15BFC+220156]
	Ordinal0 [0x00B1181B+202779]
	Ordinal0 [0x00AF3D74+81268]
	Ordinal0 [0x00AF4D6E+85358]
	Ordinal0 [0x00AF4CF9+85241]
	Ordinal0 [0x00D06F2C+2256684]
	GetHandleVerifier [0x00F92FAC+1478332]
	GetHandleVerifier [0x00F92AFD+1477133]
	GetHandleVerifier [0x00F9AAD8+1509864]
	GetHandleVerifier [0x00F9369E+1480110]
	Ordinal0 [0x00CFD6BD+2217661]
	Ordinal0 [0x00D089AB+2263467]
	Ordinal0 [0x00D08AEF+2263791]
	Ordinal0 [0x00D1D363+2347875]
	BaseThreadInitThunk [0x74EF6359+25]
	RtlGetAppContainerNamedObjectPath [0x775A8944+228]
	RtlGetAppContainerNamedObjectPath [0x775A8914+180]
">
      <![CDATA[org.openqa.selenium.SessionNotCreatedException: session not created
from chrome not reachable
  (Session info: chrome=87.0.4280.88)
Build info: version: '3.12.0', revision: '7c6e0b3', time: '2018-05-08T14:04:26.12Z'
System info: host: 'FOCUS-QA-4', ip: '192.168.4.54', os.name: 'Windows 10', os.arch: 'amd64', os.version: '10.0', java.version: '1.8.0_111'
Driver info: driver.version: ChromeDriver
remote stacktrace: Backtrace:
	Ordinal0 [0x00E0ECE3+3337443]
	Ordinal0 [0x00CEF041+2158657]
	Ordinal0 [0x00B76E50+618064]
	Ordinal0 [0x00B6D114+577812]
	Ordinal0 [0x00B6D7DB+579547]
	Ordinal0 [0x00B6EA45+584261]
	Ordinal0 [0x00B69A71+563825]
	Ordinal0 [0x00B77FD0+622544]
	Ordinal0 [0x00B16B2D+224045]
	Ordinal0 [0x00B15BFC+220156]
	Ordinal0 [0x00B1181B+202779]
	Ordinal0 [0x00AF3D74+81268]
	Ordinal0 [0x00AF4D6E+85358]
	Ordinal0 [0x00AF4CF9+85241]
	Ordinal0 [0x00D06F2C+2256684]
	GetHandleVerifier [0x00F92FAC+1478332]
	GetHandleVerifier [0x00F92AFD+1477133]
	GetHandleVerifier [0x00F9AAD8+1509864]
	GetHandleVerifier [0x00F9369E+1480110]
	Ordinal0 [0x00CFD6BD+2217661]
	Ordinal0 [0x00D089AB+2263467]
	Ordinal0 [0x00D08AEF+2263791]
	Ordinal0 [0x00D1D363+2347875]
	BaseThreadInitThunk [0x74EF6359+25]
	RtlGetAppContainerNamedObjectPath [0x775A8944+228]
	RtlGetAppContainerNamedObjectPath [0x775A8914+180]

	at sun.reflect.NativeConstructorAccessorImpl.newInstance0(Native Method)
	at sun.reflect.NativeConstructorAccessorImpl.newInstance(Unknown Source)
	at sun.reflect.DelegatingConstructorAccessorImpl.newInstance(Unknown Source)
	at java.lang.reflect.Constructor.newInstance(Unknown Source)
	at org.openqa.selenium.remote.W3CHandshakeResponse.lambda$new$0(W3CHandshakeResponse.java:57)
	at org.openqa.selenium.remote.W3CHandshakeResponse.lambda$getResponseFunction$2(W3CHandshakeResponse.java:104)
	at org.openqa.selenium.remote.ProtocolHandshake.lambda$createSession$0(ProtocolHandshake.java:123)
	at java.util.stream.ReferencePipeline$3$1.accept(Unknown Source)
	at java.util.Spliterators$ArraySpliterator.tryAdvance(Unknown Source)
	at java.util.stream.ReferencePipeline.forEachWithCancel(Unknown Source)
	at java.util.stream.AbstractPipeline.copyIntoWithCancel(Unknown Source)
	at java.util.stream.AbstractPipeline.copyInto(Unknown Source)
	at java.util.stream.AbstractPipeline.wrapAndCopyInto(Unknown Source)
	at java.util.stream.FindOps$FindOp.evaluateSequential(Unknown Source)
	at java.util.stream.AbstractPipeline.evaluate(Unknown Source)
	at java.util.stream.ReferencePipeline.findFirst(Unknown Source)
	at org.openqa.selenium.remote.ProtocolHandshake.createSession(ProtocolHandshake.java:126)
	at org.openqa.selenium.remote.ProtocolHandshake.createSession(ProtocolHandshake.java:73)
	at org.openqa.selenium.remote.HttpCommandExecutor.execute(HttpCommandExecutor.java:136)
	at org.openqa.selenium.remote.service.DriverCommandExecutor.execute(DriverCommandExecutor.java:83)
	at org.openqa.selenium.remote.RemoteWebDriver.execute(RemoteWebDriver.java:543)
	at org.openqa.selenium.remote.RemoteWebDriver.startSession(RemoteWebDriver.java:207)
	at org.openqa.selenium.remote.RemoteWebDriver.<init>(RemoteWebDriver.java:130)
	at org.openqa.selenium.chrome.ChromeDriver.<init>(ChromeDriver.java:181)
	at org.openqa.selenium.chrome.ChromeDriver.<init>(ChromeDriver.java:147)
	at com.focus.base.BaseEngine.openBrowser(BaseEngine.java:102)
	at sun.reflect.NativeMethodAccessorImpl.invoke0(Native Method)
	at sun.reflect.NativeMethodAccessorImpl.invoke(Unknown Source)
	at sun.reflect.DelegatingMethodAccessorImpl.invoke(Unknown Source)
	at java.lang.reflect.Method.invoke(Unknown Source)
	at org.testng.internal.MethodInvocationHelper.invokeMethod(MethodInvocationHelper.java:86)
	at org.testng.internal.Invoker.invokeConfigurationMethod(Invoker.java:514)
	at org.testng.internal.Invoker.invokeConfigurations(Invoker.java:215)
	at org.testng.internal.Invoker.invokeConfigurations(Invoker.java:142)
	at org.testng.SuiteRunner.privateRun(SuiteRunner.java:305)
	at org.testng.SuiteRunner.run(SuiteRunner.java:268)
	at org.testng.SuiteRunnerWorker.runSuite(SuiteRunnerWorker.java:52)
	at org.testng.SuiteRunnerWorker.run(SuiteRunnerWorker.java:86)
	at org.testng.TestNG.runSuitesSequentially(TestNG.java:1244)
	at org.testng.TestNG.runSuitesLocally(TestNG.java:1169)
	at org.testng.TestNG.run(TestNG.java:1064)
	at org.testng.remote.AbstractRemoteTestNG.run(AbstractRemoteTestNG.java:114)
	at org.testng.remote.RemoteTestNG.initAndRun(RemoteTestNG.java:251)
	at org.testng.remote.RemoteTestNG.main(RemoteTestNG.java:77)
]]>
    </failure>
  </testcase> <!-- @BeforeSuite openBrowser -->
  <testcase name="@BeforeTest intialiseReports" time="0.0" classname="com.focus.testcases.InventoryReportsTest">
    <skipped/>
  </testcase> <!-- @BeforeTest intialiseReports -->
  <testcase name="@BeforeMethod beforeMethodExecution" time="0.0" classname="com.focus.testcases.InventoryReportsTest">
    <skipped/>
  </testcase> <!-- @BeforeMethod beforeMethodExecution -->
  <testcase name="@AfterMethod afterMethodExecution" time="0.0" classname="com.focus.testcases.InventoryReportsTest">
    <skipped/>
  </testcase> <!-- @AfterMethod afterMethodExecution -->
  <testcase name="@BeforeMethod beforeMethodExecution" time="0.0" classname="com.focus.testcases.InventoryReportsTest">
    <skipped/>
  </testcase> <!-- @BeforeMethod beforeMethodExecution -->
  <testcase name="@AfterMethod afterMethodExecution" time="0.0" classname="com.focus.testcases.InventoryReportsTest">
    <skipped/>
  </testcase> <!-- @AfterMethod afterMethodExecution -->
  <testcase name="@BeforeMethod beforeMethodExecution" time="0.0" classname="com.focus.testcases.InventoryReportsTest">
    <skipped/>
  </testcase> <!-- @BeforeMethod beforeMethodExecution -->
  <testcase name="@AfterMethod afterMethodExecution" time="0.0" classname="com.focus.testcases.InventoryReportsTest">
    <skipped/>
  </testcase> <!-- @AfterMethod afterMethodExecution -->
  <testcase name="@BeforeMethod beforeMethodExecution" time="0.0" classname="com.focus.testcases.InventoryReportsTest">
    <skipped/>
  </testcase> <!-- @BeforeMethod beforeMethodExecution -->
  <testcase name="@AfterMethod afterMethodExecution" time="0.0" classname="com.focus.testcases.InventoryReportsTest">
    <skipped/>
  </testcase> <!-- @AfterMethod afterMethodExecution -->
  <testcase name="@BeforeMethod beforeMethodExecution" time="0.0" classname="com.focus.testcases.InventoryReportsTest">
    <skipped/>
  </testcase> <!-- @BeforeMethod beforeMethodExecution -->
  <testcase name="@AfterMethod afterMethodExecution" time="0.0" classname="com.focus.testcases.InventoryReportsTest">
    <skipped/>
  </testcase> <!-- @AfterMethod afterMethodExecution -->
  <testcase name="@BeforeMethod beforeMethodExecution" time="0.0" classname="com.focus.testcases.InventoryReportsTest">
    <skipped/>
  </testcase> <!-- @BeforeMethod beforeMethodExecution -->
  <testcase name="@AfterMethod afterMethodExecution" time="0.0" classname="com.focus.testcases.InventoryReportsTest">
    <skipped/>
  </testcase> <!-- @AfterMethod afterMethodExecution -->
  <testcase name="@BeforeMethod beforeMethodExecution" time="0.0" classname="com.focus.testcases.InventoryReportsTest">
    <skipped/>
  </testcase> <!-- @BeforeMethod beforeMethodExecution -->
  <testcase name="@AfterMethod afterMethodExecution" time="0.0" classname="com.focus.testcases.InventoryReportsTest">
    <skipped/>
  </testcase> <!-- @AfterMethod afterMethodExecution -->
  <testcase name="@BeforeMethod beforeMethodExecution" time="0.0" classname="com.focus.testcases.InventoryReportsTest">
    <skipped/>
  </testcase> <!-- @BeforeMethod beforeMethodExecution -->
  <testcase name="@AfterMethod afterMethodExecution" time="0.0" classname="com.focus.testcases.InventoryReportsTest">
    <skipped/>
  </testcase> <!-- @AfterMethod afterMethodExecution -->
  <testcase name="@BeforeMethod beforeMethodExecution" time="0.0" classname="com.focus.testcases.InventoryReportsTest">
    <skipped/>
  </testcase> <!-- @BeforeMethod beforeMethodExecution -->
  <testcase name="@AfterMethod afterMethodExecution" time="0.0" classname="com.focus.testcases.InventoryReportsTest">
    <skipped/>
  </testcase> <!-- @AfterMethod afterMethodExecution -->
  <testcase name="@BeforeMethod beforeMethodExecution" time="0.0" classname="com.focus.testcases.InventoryReportsTest">
    <skipped/>
  </testcase> <!-- @BeforeMethod beforeMethodExecution -->
  <testcase name="@AfterMethod afterMethodExecution" time="0.0" classname="com.focus.testcases.InventoryReportsTest">
    <skipped/>
  </testcase> <!-- @AfterMethod afterMethodExecution -->
  <testcase name="@BeforeMethod beforeMethodExecution" time="0.0" classname="com.focus.testcases.InventoryReportsTest">
    <skipped/>
  </testcase> <!-- @BeforeMethod beforeMethodExecution -->
  <testcase name="@AfterMethod afterMethodExecution" time="0.0" classname="com.focus.testcases.InventoryReportsTest">
    <skipped/>
  </testcase> <!-- @AfterMethod afterMethodExecution -->
  <testcase name="@BeforeMethod beforeMethodExecution" time="0.0" classname="com.focus.testcases.InventoryReportsTest">
    <skipped/>
  </testcase> <!-- @BeforeMethod beforeMethodExecution -->
  <testcase name="@AfterMethod afterMethodExecution" time="0.0" classname="com.focus.testcases.InventoryReportsTest">
    <skipped/>
  </testcase> <!-- @AfterMethod afterMethodExecution -->
  <testcase name="@BeforeMethod beforeMethodExecution" time="0.0" classname="com.focus.testcases.InventoryReportsTest">
    <skipped/>
  </testcase> <!-- @BeforeMethod beforeMethodExecution -->
  <testcase name="@AfterMethod afterMethodExecution" time="0.0" classname="com.focus.testcases.InventoryReportsTest">
    <skipped/>
  </testcase> <!-- @AfterMethod afterMethodExecution -->
  <testcase name="@BeforeMethod beforeMethodExecution" time="0.0" classname="com.focus.testcases.InventoryReportsTest">
    <skipped/>
  </testcase> <!-- @BeforeMethod beforeMethodExecution -->
  <testcase name="@AfterMethod afterMethodExecution" time="0.0" classname="com.focus.testcases.InventoryReportsTest">
    <skipped/>
  </testcase> <!-- @AfterMethod afterMethodExecution -->
  <testcase name="@BeforeMethod beforeMethodExecution" time="0.0" classname="com.focus.testcases.InventoryReportsTest">
    <skipped/>
  </testcase> <!-- @BeforeMethod beforeMethodExecution -->
  <testcase name="@AfterMethod afterMethodExecution" time="0.0" classname="com.focus.testcases.InventoryReportsTest">
    <skipped/>
  </testcase> <!-- @AfterMethod afterMethodExecution -->
  <testcase name="@BeforeMethod beforeMethodExecution" time="0.0" classname="com.focus.testcases.InventoryReportsTest">
    <skipped/>
  </testcase> <!-- @BeforeMethod beforeMethodExecution -->
  <testcase name="@AfterMethod afterMethodExecution" time="0.0" classname="com.focus.testcases.InventoryReportsTest">
    <skipped/>
  </testcase> <!-- @AfterMethod afterMethodExecution -->
  <testcase name="@BeforeMethod beforeMethodExecution" time="0.0" classname="com.focus.testcases.InventoryReportsTest">
    <skipped/>
  </testcase> <!-- @BeforeMethod beforeMethodExecution -->
  <testcase name="@AfterMethod afterMethodExecution" time="0.0" classname="com.focus.testcases.InventoryReportsTest">
    <skipped/>
  </testcase> <!-- @AfterMethod afterMethodExecution -->
  <testcase name="@BeforeMethod beforeMethodExecution" time="0.0" classname="com.focus.testcases.InventoryReportsTest">
    <skipped/>
  </testcase> <!-- @BeforeMethod beforeMethodExecution -->
  <testcase name="@AfterMethod afterMethodExecution" time="0.0" classname="com.focus.testcases.InventoryReportsTest">
    <skipped/>
  </testcase> <!-- @AfterMethod afterMethodExecution -->
  <testcase name="@BeforeMethod beforeMethodExecution" time="0.0" classname="com.focus.testcases.InventoryReportsTest">
    <skipped/>
  </testcase> <!-- @BeforeMethod beforeMethodExecution -->
  <testcase name="@AfterMethod afterMethodExecution" time="0.0" classname="com.focus.testcases.InventoryReportsTest">
    <skipped/>
  </testcase> <!-- @AfterMethod afterMethodExecution -->
  <testcase name="@BeforeMethod beforeMethodExecution" time="0.0" classname="com.focus.testcases.InventoryReportsTest">
    <skipped/>
  </testcase> <!-- @BeforeMethod beforeMethodExecution -->
  <testcase name="@AfterMethod afterMethodExecution" time="0.0" classname="com.focus.testcases.InventoryReportsTest">
    <skipped/>
  </testcase> <!-- @AfterMethod afterMethodExecution -->
  <testcase name="@BeforeMethod beforeMethodExecution" time="0.0" classname="com.focus.testcases.InventoryReportsTest">
    <skipped/>
  </testcase> <!-- @BeforeMethod beforeMethodExecution -->
  <testcase name="@AfterMethod afterMethodExecution" time="0.0" classname="com.focus.testcases.InventoryReportsTest">
    <skipped/>
  </testcase> <!-- @AfterMethod afterMethodExecution -->
  <testcase name="@BeforeMethod beforeMethodExecution" time="0.0" classname="com.focus.testcases.InventoryReportsTest">
    <skipped/>
  </testcase> <!-- @BeforeMethod beforeMethodExecution -->
  <testcase name="@AfterMethod afterMethodExecution" time="0.0" classname="com.focus.testcases.InventoryReportsTest">
    <skipped/>
  </testcase> <!-- @AfterMethod afterMethodExecution -->
  <testcase name="@BeforeMethod beforeMethodExecution" time="0.0" classname="com.focus.testcases.InventoryReportsTest">
    <skipped/>
  </testcase> <!-- @BeforeMethod beforeMethodExecution -->
  <testcase name="@AfterMethod afterMethodExecution" time="0.0" classname="com.focus.testcases.InventoryReportsTest">
    <skipped/>
  </testcase> <!-- @AfterMethod afterMethodExecution -->
  <testcase name="@BeforeMethod beforeMethodExecution" time="0.0" classname="com.focus.testcases.InventoryReportsTest">
    <skipped/>
  </testcase> <!-- @BeforeMethod beforeMethodExecution -->
  <testcase name="@AfterMethod afterMethodExecution" time="0.0" classname="com.focus.testcases.InventoryReportsTest">
    <skipped/>
  </testcase> <!-- @AfterMethod afterMethodExecution -->
  <testcase name="@BeforeMethod beforeMethodExecution" time="0.0" classname="com.focus.testcases.InventoryReportsTest">
    <skipped/>
  </testcase> <!-- @BeforeMethod beforeMethodExecution -->
  <testcase name="@AfterMethod afterMethodExecution" time="0.0" classname="com.focus.testcases.InventoryReportsTest">
    <skipped/>
  </testcase> <!-- @AfterMethod afterMethodExecution -->
  <testcase name="@BeforeMethod beforeMethodExecution" time="0.0" classname="com.focus.testcases.InventoryReportsTest">
    <skipped/>
  </testcase> <!-- @BeforeMethod beforeMethodExecution -->
  <testcase name="@AfterMethod afterMethodExecution" time="0.0" classname="com.focus.testcases.InventoryReportsTest">
    <skipped/>
  </testcase> <!-- @AfterMethod afterMethodExecution -->
  <testcase name="@BeforeMethod beforeMethodExecution" time="0.0" classname="com.focus.testcases.InventoryReportsTest">
    <skipped/>
  </testcase> <!-- @BeforeMethod beforeMethodExecution -->
  <testcase name="@AfterMethod afterMethodExecution" time="0.0" classname="com.focus.testcases.InventoryReportsTest">
    <skipped/>
  </testcase> <!-- @AfterMethod afterMethodExecution -->
  <testcase name="@BeforeMethod beforeMethodExecution" time="0.0" classname="com.focus.testcases.InventoryReportsTest">
    <skipped/>
  </testcase> <!-- @BeforeMethod beforeMethodExecution -->
  <testcase name="@AfterMethod afterMethodExecution" time="0.0" classname="com.focus.testcases.InventoryReportsTest">
    <skipped/>
  </testcase> <!-- @AfterMethod afterMethodExecution -->
  <testcase name="@BeforeMethod beforeMethodExecution" time="0.0" classname="com.focus.testcases.InventoryReportsTest">
    <skipped/>
  </testcase> <!-- @BeforeMethod beforeMethodExecution -->
  <testcase name="@AfterMethod afterMethodExecution" time="0.0" classname="com.focus.testcases.InventoryReportsTest">
    <skipped/>
  </testcase> <!-- @AfterMethod afterMethodExecution -->
  <testcase name="@BeforeMethod beforeMethodExecution" time="0.0" classname="com.focus.testcases.InventoryReportsTest">
    <skipped/>
  </testcase> <!-- @BeforeMethod beforeMethodExecution -->
  <testcase name="@AfterMethod afterMethodExecution" time="0.0" classname="com.focus.testcases.InventoryReportsTest">
    <skipped/>
  </testcase> <!-- @AfterMethod afterMethodExecution -->
  <testcase name="@BeforeMethod beforeMethodExecution" time="0.0" classname="com.focus.testcases.InventoryReportsTest">
    <skipped/>
  </testcase> <!-- @BeforeMethod beforeMethodExecution -->
  <testcase name="@AfterMethod afterMethodExecution" time="0.0" classname="com.focus.testcases.InventoryReportsTest">
    <skipped/>
  </testcase> <!-- @AfterMethod afterMethodExecution -->
  <testcase name="@BeforeMethod beforeMethodExecution" time="0.0" classname="com.focus.testcases.InventoryReportsTest">
    <skipped/>
  </testcase> <!-- @BeforeMethod beforeMethodExecution -->
  <testcase name="@AfterMethod afterMethodExecution" time="0.0" classname="com.focus.testcases.InventoryReportsTest">
    <skipped/>
  </testcase> <!-- @AfterMethod afterMethodExecution -->
  <testcase name="@BeforeMethod beforeMethodExecution" time="0.0" classname="com.focus.testcases.InventoryReportsTest">
    <skipped/>
  </testcase> <!-- @BeforeMethod beforeMethodExecution -->
  <testcase name="@AfterMethod afterMethodExecution" time="0.0" classname="com.focus.testcases.InventoryReportsTest">
    <skipped/>
  </testcase> <!-- @AfterMethod afterMethodExecution -->
  <testcase name="@BeforeMethod beforeMethodExecution" time="0.0" classname="com.focus.testcases.InventoryReportsTest">
    <skipped/>
  </testcase> <!-- @BeforeMethod beforeMethodExecution -->
  <testcase name="@AfterMethod afterMethodExecution" time="0.0" classname="com.focus.testcases.InventoryReportsTest">
    <skipped/>
  </testcase> <!-- @AfterMethod afterMethodExecution -->
  <testcase name="@BeforeMethod beforeMethodExecution" time="0.0" classname="com.focus.testcases.InventoryReportsTest">
    <skipped/>
  </testcase> <!-- @BeforeMethod beforeMethodExecution -->
  <testcase name="@AfterMethod afterMethodExecution" time="0.0" classname="com.focus.testcases.InventoryReportsTest">
    <skipped/>
  </testcase> <!-- @AfterMethod afterMethodExecution -->
  <testcase name="@BeforeMethod beforeMethodExecution" time="0.0" classname="com.focus.testcases.InventoryReportsTest">
    <skipped/>
  </testcase> <!-- @BeforeMethod beforeMethodExecution -->
  <testcase name="@AfterMethod afterMethodExecution" time="0.0" classname="com.focus.testcases.InventoryReportsTest">
    <skipped/>
  </testcase> <!-- @AfterMethod afterMethodExecution -->
  <testcase name="@BeforeMethod beforeMethodExecution" time="0.0" classname="com.focus.testcases.InventoryReportsTest">
    <skipped/>
  </testcase> <!-- @BeforeMethod beforeMethodExecution -->
  <testcase name="@AfterMethod afterMethodExecution" time="0.0" classname="com.focus.testcases.InventoryReportsTest">
    <skipped/>
  </testcase> <!-- @AfterMethod afterMethodExecution -->
  <testcase name="@BeforeMethod beforeMethodExecution" time="0.0" classname="com.focus.testcases.InventoryReportsTest">
    <skipped/>
  </testcase> <!-- @BeforeMethod beforeMethodExecution -->
  <testcase name="@AfterMethod afterMethodExecution" time="0.0" classname="com.focus.testcases.InventoryReportsTest">
    <skipped/>
  </testcase> <!-- @AfterMethod afterMethodExecution -->
  <testcase name="@BeforeMethod beforeMethodExecution" time="0.0" classname="com.focus.testcases.InventoryReportsTest">
    <skipped/>
  </testcase> <!-- @BeforeMethod beforeMethodExecution -->
  <testcase name="@AfterMethod afterMethodExecution" time="0.0" classname="com.focus.testcases.InventoryReportsTest">
    <skipped/>
  </testcase> <!-- @AfterMethod afterMethodExecution -->
  <testcase name="@BeforeMethod beforeMethodExecution" time="0.0" classname="com.focus.testcases.InventoryReportsTest">
    <skipped/>
  </testcase> <!-- @BeforeMethod beforeMethodExecution -->
  <testcase name="@AfterMethod afterMethodExecution" time="0.0" classname="com.focus.testcases.InventoryReportsTest">
    <skipped/>
  </testcase> <!-- @AfterMethod afterMethodExecution -->
  <testcase name="@BeforeMethod beforeMethodExecution" time="0.0" classname="com.focus.testcases.InventoryReportsTest">
    <skipped/>
  </testcase> <!-- @BeforeMethod beforeMethodExecution -->
  <testcase name="@AfterMethod afterMethodExecution" time="0.0" classname="com.focus.testcases.InventoryReportsTest">
    <skipped/>
  </testcase> <!-- @AfterMethod afterMethodExecution -->
  <testcase name="@BeforeMethod beforeMethodExecution" time="0.0" classname="com.focus.testcases.InventoryReportsTest">
    <skipped/>
  </testcase> <!-- @BeforeMethod beforeMethodExecution -->
  <testcase name="@AfterMethod afterMethodExecution" time="0.0" classname="com.focus.testcases.InventoryReportsTest">
    <skipped/>
  </testcase> <!-- @AfterMethod afterMethodExecution -->
  <testcase name="@BeforeMethod beforeMethodExecution" time="0.0" classname="com.focus.testcases.InventoryReportsTest">
    <skipped/>
  </testcase> <!-- @BeforeMethod beforeMethodExecution -->
  <testcase name="@AfterMethod afterMethodExecution" time="0.0" classname="com.focus.testcases.InventoryReportsTest">
    <skipped/>
  </testcase> <!-- @AfterMethod afterMethodExecution -->
  <testcase name="@BeforeMethod beforeMethodExecution" time="0.0" classname="com.focus.testcases.InventoryReportsTest">
    <skipped/>
  </testcase> <!-- @BeforeMethod beforeMethodExecution -->
  <testcase name="@AfterMethod afterMethodExecution" time="0.0" classname="com.focus.testcases.InventoryReportsTest">
    <skipped/>
  </testcase> <!-- @AfterMethod afterMethodExecution -->
  <testcase name="@BeforeMethod beforeMethodExecution" time="0.0" classname="com.focus.testcases.InventoryReportsTest">
    <skipped/>
  </testcase> <!-- @BeforeMethod beforeMethodExecution -->
  <testcase name="@AfterMethod afterMethodExecution" time="0.0" classname="com.focus.testcases.InventoryReportsTest">
    <skipped/>
  </testcase> <!-- @AfterMethod afterMethodExecution -->
  <testcase name="@BeforeMethod beforeMethodExecution" time="0.0" classname="com.focus.testcases.InventoryReportsTest">
    <skipped/>
  </testcase> <!-- @BeforeMethod beforeMethodExecution -->
  <testcase name="@AfterMethod afterMethodExecution" time="0.0" classname="com.focus.testcases.InventoryReportsTest">
    <skipped/>
  </testcase> <!-- @AfterMethod afterMethodExecution -->
  <testcase name="@BeforeMethod beforeMethodExecution" time="0.0" classname="com.focus.testcases.InventoryReportsTest">
    <skipped/>
  </testcase> <!-- @BeforeMethod beforeMethodExecution -->
  <testcase name="@AfterMethod afterMethodExecution" time="0.0" classname="com.focus.testcases.InventoryReportsTest">
    <skipped/>
  </testcase> <!-- @AfterMethod afterMethodExecution -->
  <testcase name="@BeforeMethod beforeMethodExecution" time="0.0" classname="com.focus.testcases.InventoryReportsTest">
    <skipped/>
  </testcase> <!-- @BeforeMethod beforeMethodExecution -->
  <testcase name="@AfterMethod afterMethodExecution" time="0.0" classname="com.focus.testcases.InventoryReportsTest">
    <skipped/>
  </testcase> <!-- @AfterMethod afterMethodExecution -->
  <testcase name="@BeforeMethod beforeMethodExecution" time="0.0" classname="com.focus.testcases.InventoryReportsTest">
    <skipped/>
  </testcase> <!-- @BeforeMethod beforeMethodExecution -->
  <testcase name="@AfterMethod afterMethodExecution" time="0.0" classname="com.focus.testcases.InventoryReportsTest">
    <skipped/>
  </testcase> <!-- @AfterMethod afterMethodExecution -->
  <testcase name="@BeforeMethod beforeMethodExecution" time="0.0" classname="com.focus.testcases.InventoryReportsTest">
    <skipped/>
  </testcase> <!-- @BeforeMethod beforeMethodExecution -->
  <testcase name="@AfterMethod afterMethodExecution" time="0.0" classname="com.focus.testcases.InventoryReportsTest">
    <skipped/>
  </testcase> <!-- @AfterMethod afterMethodExecution -->
  <testcase name="@BeforeMethod beforeMethodExecution" time="0.0" classname="com.focus.testcases.InventoryReportsTest">
    <skipped/>
  </testcase> <!-- @BeforeMethod beforeMethodExecution -->
  <testcase name="@AfterMethod afterMethodExecution" time="0.0" classname="com.focus.testcases.InventoryReportsTest">
    <skipped/>
  </testcase> <!-- @AfterMethod afterMethodExecution -->
  <testcase name="@BeforeMethod beforeMethodExecution" time="0.0" classname="com.focus.testcases.InventoryReportsTest">
    <skipped/>
  </testcase> <!-- @BeforeMethod beforeMethodExecution -->
  <testcase name="@AfterMethod afterMethodExecution" time="0.0" classname="com.focus.testcases.InventoryReportsTest">
    <skipped/>
  </testcase> <!-- @AfterMethod afterMethodExecution -->
  <testcase name="@BeforeMethod beforeMethodExecution" time="0.0" classname="com.focus.testcases.InventoryReportsTest">
    <skipped/>
  </testcase> <!-- @BeforeMethod beforeMethodExecution -->
  <testcase name="@AfterMethod afterMethodExecution" time="0.0" classname="com.focus.testcases.InventoryReportsTest">
    <skipped/>
  </testcase> <!-- @AfterMethod afterMethodExecution -->
  <testcase name="@BeforeMethod beforeMethodExecution" time="0.0" classname="com.focus.testcases.InventoryReportsTest">
    <skipped/>
  </testcase> <!-- @BeforeMethod beforeMethodExecution -->
  <testcase name="@AfterMethod afterMethodExecution" time="0.0" classname="com.focus.testcases.InventoryReportsTest">
    <skipped/>
  </testcase> <!-- @AfterMethod afterMethodExecution -->
  <testcase name="@BeforeMethod beforeMethodExecution" time="0.0" classname="com.focus.testcases.InventoryReportsTest">
    <skipped/>
  </testcase> <!-- @BeforeMethod beforeMethodExecution -->
  <testcase name="@AfterMethod afterMethodExecution" time="0.0" classname="com.focus.testcases.InventoryReportsTest">
    <skipped/>
  </testcase> <!-- @AfterMethod afterMethodExecution -->
  <testcase name="@BeforeMethod beforeMethodExecution" time="0.0" classname="com.focus.testcases.InventoryReportsTest">
    <skipped/>
  </testcase> <!-- @BeforeMethod beforeMethodExecution -->
  <testcase name="@AfterMethod afterMethodExecution" time="0.0" classname="com.focus.testcases.InventoryReportsTest">
    <skipped/>
  </testcase> <!-- @AfterMethod afterMethodExecution -->
  <testcase name="@BeforeMethod beforeMethodExecution" time="0.0" classname="com.focus.testcases.InventoryReportsTest">
    <skipped/>
  </testcase> <!-- @BeforeMethod beforeMethodExecution -->
  <testcase name="@AfterMethod afterMethodExecution" time="0.0" classname="com.focus.testcases.InventoryReportsTest">
    <skipped/>
  </testcase> <!-- @AfterMethod afterMethodExecution -->
  <testcase name="@BeforeMethod beforeMethodExecution" time="0.0" classname="com.focus.testcases.InventoryReportsTest">
    <skipped/>
  </testcase> <!-- @BeforeMethod beforeMethodExecution -->
  <testcase name="@AfterMethod afterMethodExecution" time="0.0" classname="com.focus.testcases.InventoryReportsTest">
    <skipped/>
  </testcase> <!-- @AfterMethod afterMethodExecution -->
  <testcase name="@BeforeMethod beforeMethodExecution" time="0.0" classname="com.focus.testcases.InventoryReportsTest">
    <skipped/>
  </testcase> <!-- @BeforeMethod beforeMethodExecution -->
  <testcase name="@AfterMethod afterMethodExecution" time="0.0" classname="com.focus.testcases.InventoryReportsTest">
    <skipped/>
  </testcase> <!-- @AfterMethod afterMethodExecution -->
  <testcase name="@BeforeMethod beforeMethodExecution" time="0.0" classname="com.focus.testcases.InventoryReportsTest">
    <skipped/>
  </testcase> <!-- @BeforeMethod beforeMethodExecution -->
  <testcase name="@AfterMethod afterMethodExecution" time="0.0" classname="com.focus.testcases.InventoryReportsTest">
    <skipped/>
  </testcase> <!-- @AfterMethod afterMethodExecution -->
  <testcase name="@BeforeMethod beforeMethodExecution" time="0.0" classname="com.focus.testcases.InventoryReportsTest">
    <skipped/>
  </testcase> <!-- @BeforeMethod beforeMethodExecution -->
  <testcase name="@AfterMethod afterMethodExecution" time="0.0" classname="com.focus.testcases.InventoryReportsTest">
    <skipped/>
  </testcase> <!-- @AfterMethod afterMethodExecution -->
  <testcase name="@BeforeMethod beforeMethodExecution" time="0.0" classname="com.focus.testcases.InventoryReportsTest">
    <skipped/>
  </testcase> <!-- @BeforeMethod beforeMethodExecution -->
  <testcase name="@AfterMethod afterMethodExecution" time="0.0" classname="com.focus.testcases.InventoryReportsTest">
    <skipped/>
  </testcase> <!-- @AfterMethod afterMethodExecution -->
  <testcase name="@BeforeMethod beforeMethodExecution" time="0.0" classname="com.focus.testcases.InventoryReportsTest">
    <skipped/>
  </testcase> <!-- @BeforeMethod beforeMethodExecution -->
  <testcase name="@AfterMethod afterMethodExecution" time="0.0" classname="com.focus.testcases.InventoryReportsTest">
    <skipped/>
  </testcase> <!-- @AfterMethod afterMethodExecution -->
  <testcase name="@BeforeMethod beforeMethodExecution" time="0.0" classname="com.focus.testcases.InventoryReportsTest">
    <skipped/>
  </testcase> <!-- @BeforeMethod beforeMethodExecution -->
  <testcase name="@AfterMethod afterMethodExecution" time="0.0" classname="com.focus.testcases.InventoryReportsTest">
    <skipped/>
  </testcase> <!-- @AfterMethod afterMethodExecution -->
  <testcase name="@BeforeMethod beforeMethodExecution" time="0.0" classname="com.focus.testcases.InventoryReportsTest">
    <skipped/>
  </testcase> <!-- @BeforeMethod beforeMethodExecution -->
  <testcase name="@AfterMethod afterMethodExecution" time="0.0" classname="com.focus.testcases.InventoryReportsTest">
    <skipped/>
  </testcase> <!-- @AfterMethod afterMethodExecution -->
  <testcase name="@BeforeMethod beforeMethodExecution" time="0.0" classname="com.focus.testcases.InventoryReportsTest">
    <skipped/>
  </testcase> <!-- @BeforeMethod beforeMethodExecution -->
  <testcase name="@AfterMethod afterMethodExecution" time="0.0" classname="com.focus.testcases.InventoryReportsTest">
    <skipped/>
  </testcase> <!-- @AfterMethod afterMethodExecution -->
  <testcase name="@BeforeMethod beforeMethodExecution" time="0.0" classname="com.focus.testcases.InventoryReportsTest">
    <skipped/>
  </testcase> <!-- @BeforeMethod beforeMethodExecution -->
  <testcase name="@AfterMethod afterMethodExecution" time="0.0" classname="com.focus.testcases.InventoryReportsTest">
    <skipped/>
  </testcase> <!-- @AfterMethod afterMethodExecution -->
  <testcase name="@BeforeMethod beforeMethodExecution" time="0.0" classname="com.focus.testcases.InventoryReportsTest">
    <skipped/>
  </testcase> <!-- @BeforeMethod beforeMethodExecution -->
  <testcase name="@AfterMethod afterMethodExecution" time="0.0" classname="com.focus.testcases.InventoryReportsTest">
    <skipped/>
  </testcase> <!-- @AfterMethod afterMethodExecution -->
  <testcase name="@BeforeMethod beforeMethodExecution" time="0.0" classname="com.focus.testcases.InventoryReportsTest">
    <skipped/>
  </testcase> <!-- @BeforeMethod beforeMethodExecution -->
  <testcase name="@AfterMethod afterMethodExecution" time="0.0" classname="com.focus.testcases.InventoryReportsTest">
    <skipped/>
  </testcase> <!-- @AfterMethod afterMethodExecution -->
  <testcase name="@BeforeMethod beforeMethodExecution" time="0.0" classname="com.focus.testcases.InventoryReportsTest">
    <skipped/>
  </testcase> <!-- @BeforeMethod beforeMethodExecution -->
  <testcase name="@AfterMethod afterMethodExecution" time="0.0" classname="com.focus.testcases.InventoryReportsTest">
    <skipped/>
  </testcase> <!-- @AfterMethod afterMethodExecution -->
  <testcase name="@BeforeMethod beforeMethodExecution" time="0.0" classname="com.focus.testcases.InventoryReportsTest">
    <skipped/>
  </testcase> <!-- @BeforeMethod beforeMethodExecution -->
  <testcase name="@AfterMethod afterMethodExecution" time="0.0" classname="com.focus.testcases.InventoryReportsTest">
    <skipped/>
  </testcase> <!-- @AfterMethod afterMethodExecution -->
  <testcase name="@AfterTest generateReports" time="0.0" classname="com.focus.testcases.InventoryReportsTest">
    <skipped/>
  </testcase> <!-- @AfterTest generateReports -->
  <testcase name="checkMultiLevelStockMovementReports" time="0.004" classname="com.focus.testcases.InventoryReportsTest">
    <skipped/>
  </testcase> <!-- checkMultiLevelStockMovementReports -->
  <testcase name="checkMultiLevelStockMovementReportWithIncludeServiceTypeItemOption" time="0.003" classname="com.focus.testcases.InventoryReportsTest">
    <skipped/>
  </testcase> <!-- checkMultiLevelStockMovementReportWithIncludeServiceTypeItemOption -->
  <testcase name="checkMultiLevelStockMovementReportBackTrackOption" time="0.001" classname="com.focus.testcases.InventoryReportsTest">
    <skipped/>
  </testcase> <!-- checkMultiLevelStockMovementReportBackTrackOption -->
  <testcase name="checkVirtualStockAnalysisReports" time="0.001" classname="com.focus.testcases.InventoryReportsTest">
    <skipped/>
  </testcase> <!-- checkVirtualStockAnalysisReports -->
  <testcase name="checkVirtualStockAnalysisReportWithIncludeServiceTypeItemOption" time="0.001" classname="com.focus.testcases.InventoryReportsTest">
    <skipped/>
  </testcase> <!-- checkVirtualStockAnalysisReportWithIncludeServiceTypeItemOption -->
  <testcase name="checkVirtualStockAnalysisReportBackTrackOption" time="0.001" classname="com.focus.testcases.InventoryReportsTest">
    <skipped/>
  </testcase> <!-- checkVirtualStockAnalysisReportBackTrackOption -->
  <testcase name="checkStockValuationReports" time="0.001" classname="com.focus.testcases.InventoryReportsTest">
    <skipped/>
  </testcase> <!-- checkStockValuationReports -->
  <testcase name="checkStockValuationCustomizationReport" time="0.001" classname="com.focus.testcases.InventoryReportsTest">
    <skipped/>
  </testcase> <!-- checkStockValuationCustomizationReport -->
  <testcase name="checkStockValuationReportWithStockValuationDisplayLinearReportIncludeServiceTypeItemOption" time="0.002" classname="com.focus.testcases.InventoryReportsTest">
    <skipped/>
  </testcase> <!-- checkStockValuationReportWithStockValuationDisplayLinearReportIncludeServiceTypeItemOption -->
  <testcase name="checkStockValuationReportBackTrackOption" time="0.0" classname="com.focus.testcases.InventoryReportsTest">
    <skipped/>
  </testcase> <!-- checkStockValuationReportBackTrackOption -->
  <testcase name="checkStockReportbyTagReports" time="0.001" classname="com.focus.testcases.InventoryReportsTest">
    <skipped/>
  </testcase> <!-- checkStockReportbyTagReports -->
  <testcase name="checkStockReportbyTagReportPrintOption" time="0.0" classname="com.focus.testcases.InventoryReportsTest">
    <skipped/>
  </testcase> <!-- checkStockReportbyTagReportPrintOption -->
  <testcase name="checkStockReportbyTagReportBackTrackOption" time="0.003" classname="com.focus.testcases.InventoryReportsTest">
    <skipped/>
  </testcase> <!-- checkStockReportbyTagReportBackTrackOption -->
  <testcase name="checkABCAnalysisReports" time="0.0" classname="com.focus.testcases.InventoryReportsTest">
    <skipped/>
  </testcase> <!-- checkABCAnalysisReports -->
  <testcase name="checkABCAnalysisReportWithClassificationAndCriteriaOptions" time="0.0" classname="com.focus.testcases.InventoryReportsTest">
    <skipped/>
  </testcase> <!-- checkABCAnalysisReportWithClassificationAndCriteriaOptions -->
  <testcase name="checkStockAnalysisByBatchReport" time="0.004" classname="com.focus.testcases.InventoryReportsTest">
    <skipped/>
  </testcase> <!-- checkStockAnalysisByBatchReport -->
  <testcase name="checkStockAnalysisByBatchReportWithStockTypeGoodBatches" time="0.0" classname="com.focus.testcases.InventoryReportsTest">
    <skipped/>
  </testcase> <!-- checkStockAnalysisByBatchReportWithStockTypeGoodBatches -->
  <testcase name="checkStockAnalysisByBatchReportBackTrackOption" time="0.0" classname="com.focus.testcases.InventoryReportsTest">
    <skipped/>
  </testcase> <!-- checkStockAnalysisByBatchReportBackTrackOption -->
  <testcase name="checkStockAnalysisByRmaReports" time="0.001" classname="com.focus.testcases.InventoryReportsTest">
    <skipped/>
  </testcase> <!-- checkStockAnalysisByRmaReports -->
  <testcase name="checkStockAnalysisByRmaReportsPrintOption" time="0.0" classname="com.focus.testcases.InventoryReportsTest">
    <skipped/>
  </testcase> <!-- checkStockAnalysisByRmaReportsPrintOption -->
  <testcase name="checkStockDetailsByBinsReports" time="0.001" classname="com.focus.testcases.InventoryReportsTest">
    <skipped/>
  </testcase> <!-- checkStockDetailsByBinsReports -->
  <testcase name="checkStockDetailsByBinsReportBackTrackOption" time="0.001" classname="com.focus.testcases.InventoryReportsTest">
    <skipped/>
  </testcase> <!-- checkStockDetailsByBinsReportBackTrackOption -->
  <testcase name="checkStockBalanaceByBinsReports" time="0.0" classname="com.focus.testcases.InventoryReportsTest">
    <skipped/>
  </testcase> <!-- checkStockBalanaceByBinsReports -->
  <testcase name="checkStockBalanaceByBinsReportBackTrackOption" time="0.0" classname="com.focus.testcases.InventoryReportsTest">
    <skipped/>
  </testcase> <!-- checkStockBalanaceByBinsReportBackTrackOption -->
  <testcase name="checkStockBalancesByItemByBinsReports" time="0.0" classname="com.focus.testcases.InventoryReportsTest">
    <skipped/>
  </testcase> <!-- checkStockBalancesByItemByBinsReports -->
  <testcase name="checkStockBalancesByItemByBinsReportPrintOption" time="0.001" classname="com.focus.testcases.InventoryReportsTest">
    <skipped/>
  </testcase> <!-- checkStockBalancesByItemByBinsReportPrintOption -->
  <testcase name="checkExpiredStockByBinsReports" time="0.001" classname="com.focus.testcases.InventoryReportsTest">
    <skipped/>
  </testcase> <!-- checkExpiredStockByBinsReports -->
  <testcase name="checkExpiredStockByBinsReportCustomizationOption" time="0.001" classname="com.focus.testcases.InventoryReportsTest">
    <skipped/>
  </testcase> <!-- checkExpiredStockByBinsReportCustomizationOption -->
  <testcase name="checkStockBalanceByWarehouseReports" time="0.001" classname="com.focus.testcases.InventoryReportsTest">
    <skipped/>
  </testcase> <!-- checkStockBalanceByWarehouseReports -->
  <testcase name="checkStockBalanceByWarehouseReportIncludeServiceTypeItemOption" time="0.001" classname="com.focus.testcases.InventoryReportsTest">
    <skipped/>
  </testcase> <!-- checkStockBalanceByWarehouseReportIncludeServiceTypeItemOption -->
  <testcase name="checkStockBalanceByWarehouseReportBackTrackOption" time="0.001" classname="com.focus.testcases.InventoryReportsTest">
    <skipped/>
  </testcase> <!-- checkStockBalanceByWarehouseReportBackTrackOption -->
  <testcase name="checkStockAgeingAnalysisReports" time="0.001" classname="com.focus.testcases.InventoryReportsTest">
    <skipped/>
  </testcase> <!-- checkStockAgeingAnalysisReports -->
  <testcase name="checkStockAgeingAnalysisReportWithOptions" time="0.001" classname="com.focus.testcases.InventoryReportsTest">
    <skipped/>
  </testcase> <!-- checkStockAgeingAnalysisReportWithOptions -->
  <testcase name="checkStockAgeingAnalysisReportWithBackTrackOptions" time="0.0" classname="com.focus.testcases.InventoryReportsTest">
    <skipped/>
  </testcase> <!-- checkStockAgeingAnalysisReportWithBackTrackOptions -->
  <testcase name="checkAgeingAnalysisByBatchReports" time="0.0" classname="com.focus.testcases.InventoryReportsTest">
    <skipped/>
  </testcase> <!-- checkAgeingAnalysisByBatchReports -->
  <testcase name="checkStockAnalysisByBatchReportPrintOption" time="0.0" classname="com.focus.testcases.InventoryReportsTest">
    <skipped/>
  </testcase> <!-- checkStockAnalysisByBatchReportPrintOption -->
  <testcase name="checkAgeingAnalysisByBatchReportWithWarehouseAndIgnoreInternalTransferForAgeingOptions" time="0.0" classname="com.focus.testcases.InventoryReportsTest">
    <skipped/>
  </testcase> <!-- checkAgeingAnalysisByBatchReportWithWarehouseAndIgnoreInternalTransferForAgeingOptions -->
  <testcase name="checkAgeingAnalysisByBatchReportBackTrackOption" time="0.0" classname="com.focus.testcases.InventoryReportsTest">
    <skipped/>
  </testcase> <!-- checkAgeingAnalysisByBatchReportBackTrackOption -->
  <testcase name="checkAgeingAnalysisByRMAReport" time="0.0" classname="com.focus.testcases.InventoryReportsTest">
    <skipped/>
  </testcase> <!-- checkAgeingAnalysisByRMAReport -->
  <testcase name="checkAgeingAnalysisByRMAReportWithWarehouseAndIgnoreInternalTransferForAgeingOptions" time="0.001" classname="com.focus.testcases.InventoryReportsTest">
    <skipped/>
  </testcase> <!-- checkAgeingAnalysisByRMAReportWithWarehouseAndIgnoreInternalTransferForAgeingOptions -->
  <testcase name="checkAgeingAnalysisByRMAReportBackTrackOption" time="0.0" classname="com.focus.testcases.InventoryReportsTest">
    <skipped/>
  </testcase> <!-- checkAgeingAnalysisByRMAReportBackTrackOption -->
  <testcase name="checkAgeingStockByBinsReports" time="0.0" classname="com.focus.testcases.InventoryReportsTest">
    <skipped/>
  </testcase> <!-- checkAgeingStockByBinsReports -->
  <testcase name="checkAgeingAnalysisByBinReportWithWarehouseAndIgnoreInternalTransferForAgeingOptions" time="0.0" classname="com.focus.testcases.InventoryReportsTest">
    <skipped/>
  </testcase> <!-- checkAgeingAnalysisByBinReportWithWarehouseAndIgnoreInternalTransferForAgeingOptions -->
  <testcase name="checkAgeingAnalysisByBinReportBackTrackOption" time="0.001" classname="com.focus.testcases.InventoryReportsTest">
    <skipped/>
  </testcase> <!-- checkAgeingAnalysisByBinReportBackTrackOption -->
  <testcase name="checkAgeingByItemByBinsReports" time="0.0" classname="com.focus.testcases.InventoryReportsTest">
    <skipped/>
  </testcase> <!-- checkAgeingByItemByBinsReports -->
  <testcase name="checkAgeingByItemByBinReportWithWarehouseAndIgnoreInternalTransferForAgeingOptions" time="0.0" classname="com.focus.testcases.InventoryReportsTest">
    <skipped/>
  </testcase> <!-- checkAgeingByItemByBinReportWithWarehouseAndIgnoreInternalTransferForAgeingOptions -->
  <testcase name="checkAgeingByItemByBinReportBackTrackOption" time="0.0" classname="com.focus.testcases.InventoryReportsTest">
    <skipped/>
  </testcase> <!-- checkAgeingByItemByBinReportBackTrackOption -->
  <testcase name="checkReorderReports" time="0.0" classname="com.focus.testcases.InventoryReportsTest">
    <skipped/>
  </testcase> <!-- checkReorderReports -->
  <testcase name="checkReorderReportPrintOption" time="0.0" classname="com.focus.testcases.InventoryReportsTest">
    <skipped/>
  </testcase> <!-- checkReorderReportPrintOption -->
  <testcase name="checkFastMovingItemsReport" time="0.0" classname="com.focus.testcases.InventoryReportsTest">
    <skipped/>
  </testcase> <!-- checkFastMovingItemsReport -->
  <testcase name="checkFastMovingItemsReportBackTrackOption" time="0.0" classname="com.focus.testcases.InventoryReportsTest">
    <skipped/>
  </testcase> <!-- checkFastMovingItemsReportBackTrackOption -->
  <testcase name="checkSlowMovingItemsReport" time="0.0" classname="com.focus.testcases.InventoryReportsTest">
    <skipped/>
  </testcase> <!-- checkSlowMovingItemsReport -->
  <testcase name="checkSlowMovingItemsReportBackTrackOption" time="0.001" classname="com.focus.testcases.InventoryReportsTest">
    <skipped/>
  </testcase> <!-- checkSlowMovingItemsReportBackTrackOption -->
  <testcase name="checkPeakAndLowBalancesReport" time="0.0" classname="com.focus.testcases.InventoryReportsTest">
    <skipped/>
  </testcase> <!-- checkPeakAndLowBalancesReport -->
  <testcase name="checkPeakAndLowBalancesReportBackTrackOption" time="0.0" classname="com.focus.testcases.InventoryReportsTest">
    <skipped/>
  </testcase> <!-- checkPeakAndLowBalancesReportBackTrackOption -->
  <testcase name="checkBestSellingItemReport" time="0.0" classname="com.focus.testcases.InventoryReportsTest">
    <skipped/>
  </testcase> <!-- checkBestSellingItemReport -->
  <testcase name="checkBestSellingItemReportWithSortingOnAndIncludeAllVouchersChkBox" time="0.0" classname="com.focus.testcases.InventoryReportsTest">
    <skipped/>
  </testcase> <!-- checkBestSellingItemReportWithSortingOnAndIncludeAllVouchersChkBox -->
  <testcase name="checkBestSellingItemReportBackTrackOption" time="0.001" classname="com.focus.testcases.InventoryReportsTest">
    <skipped/>
  </testcase> <!-- checkBestSellingItemReportBackTrackOption -->
  <testcase name="checkStockTransferRegisterReport" time="0.001" classname="com.focus.testcases.InventoryReportsTest">
    <skipped/>
  </testcase> <!-- checkStockTransferRegisterReport -->
  <testcase name="checkStockTransferRegisterReportPrintOption" time="0.0" classname="com.focus.testcases.InventoryReportsTest">
    <skipped/>
  </testcase> <!-- checkStockTransferRegisterReportPrintOption -->
  <testcase name="checkStockTransferRegisterReportWithFromAndToWarehouseAndDetailsOptions" time="0.0" classname="com.focus.testcases.InventoryReportsTest">
    <skipped/>
  </testcase> <!-- checkStockTransferRegisterReportWithFromAndToWarehouseAndDetailsOptions -->
  <testcase name="checkStockTransferRegisterReportBackTrackOption" time="0.0" classname="com.focus.testcases.InventoryReportsTest">
    <skipped/>
  </testcase> <!-- checkStockTransferRegisterReportBackTrackOption -->
  <testcase name="checkStockReservationRegisterReport" time="0.0" classname="com.focus.testcases.InventoryReportsTest">
    <skipped/>
  </testcase> <!-- checkStockReservationRegisterReport -->
  <testcase name="checkStockReservationRegisterReportBackTrackOption" time="0.001" classname="com.focus.testcases.InventoryReportsTest">
    <skipped/>
  </testcase> <!-- checkStockReservationRegisterReportBackTrackOption -->
  <testcase name="checkTransactionTypeWiseStockReport" time="0.0" classname="com.focus.testcases.InventoryReportsTest">
    <skipped/>
  </testcase> <!-- checkTransactionTypeWiseStockReport -->
  <testcase name="checkTransactionTypeWiseStockReportBackTrackOption" time="0.0" classname="com.focus.testcases.InventoryReportsTest">
    <skipped/>
  </testcase> <!-- checkTransactionTypeWiseStockReportBackTrackOption -->
  <testcase name="checkActualConsumptionReport" time="0.0" classname="com.focus.testcases.InventoryReportsTest">
    <skipped/>
  </testcase> <!-- checkActualConsumptionReport -->
  <testcase name="checkActualConsumptionReportBackTrackOption" time="0.0" classname="com.focus.testcases.InventoryReportsTest">
    <skipped/>
  </testcase> <!-- checkActualConsumptionReportBackTrackOption -->
  <testcase name="checkLoginWithUserForItemRestriction" time="0.0" classname="com.focus.testcases.InventoryReportsTest">
    <skipped/>
  </testcase> <!-- checkLoginWithUserForItemRestriction -->
  <testcase name="checkStockReportbyTagReportsWithUserForItemRestriction" time="0.001" classname="com.focus.testcases.InventoryReportsTest">
    <skipped/>
  </testcase> <!-- checkStockReportbyTagReportsWithUserForItemRestriction -->
  <testcase name="checkLoginWithSU" time="0.001" classname="com.focus.testcases.InventoryReportsTest">
    <skipped/>
  </testcase> <!-- checkLoginWithSU -->
</testsuite> <!-- Default test -->
